2024-10-23T21:46:42.616-0500    connected to: mongodb://127.0.0.1:27117,127.0.0.1:27118
2024-10-23T21:46:45.616-0500    [........................] AmazonProductReviews.Reviews 56.4MB/1.87GB (2.9%)
2024-10-23T21:46:48.617-0500    [#.......................] AmazonProductReviews.Reviews 110MB/1.87GB (5.7%)
2024-10-23T21:46:51.617-0500    [##......................] AmazonProductReviews.Reviews 161MB/1.87GB (8.4%)
2024-10-23T21:46:54.617-0500    [##......................] AmazonProductReviews.Reviews 212MB/1.87GB (11.0%)
2024-10-23T21:46:57.616-0500    [###.....................] AmazonProductReviews.Reviews 260MB/1.87GB (13.5%)
2024-10-23T21:47:00.617-0500    [###.....................] AmazonProductReviews.Reviews 310MB/1.87GB (16.2%)
2024-10-23T21:47:03.617-0500    [####....................] AmazonProductReviews.Reviews 360MB/1.87GB (18.8%)
2024-10-23T21:47:06.617-0500    [#####...................] AmazonProductReviews.Reviews 410MB/1.87GB (21.4%)
2024-10-23T21:47:09.617-0500    [#####...................] AmazonProductReviews.Reviews 456MB/1.87GB (23.8%)
2024-10-23T21:47:12.617-0500    [######..................] AmazonProductReviews.Reviews 504MB/1.87GB (26.3%)
2024-10-23T21:47:15.617-0500    [######..................] AmazonProductReviews.Reviews 551MB/1.87GB (28.7%)
2024-10-23T21:47:18.617-0500    [#######.................] AmazonProductReviews.Reviews 596MB/1.87GB (31.1%)
2024-10-23T21:47:21.617-0500    [########................] AmazonProductReviews.Reviews 642MB/1.87GB (33.5%)
2024-10-23T21:47:24.617-0500    [########................] AmazonProductReviews.Reviews 689MB/1.87GB (36.0%)
2024-10-23T21:47:27.617-0500    [#########...............] AmazonProductReviews.Reviews 735MB/1.87GB (38.3%)
2024-10-23T21:47:30.617-0500    [#########...............] AmazonProductReviews.Reviews 780MB/1.87GB (40.7%)
2024-10-23T21:47:33.616-0500    [##########..............] AmazonProductReviews.Reviews 825MB/1.87GB (43.0%)
2024-10-23T21:47:36.616-0500    [##########..............] AmazonProductReviews.Reviews 870MB/1.87GB (45.4%)
2024-10-23T21:47:39.617-0500    [###########.............] AmazonProductReviews.Reviews 914MB/1.87GB (47.7%)
2024-10-23T21:47:42.617-0500    [############............] AmazonProductReviews.Reviews 959MB/1.87GB (50.0%)
2024-10-23T21:47:45.617-0500    [############............] AmazonProductReviews.Reviews 1004MB/1.87GB (52.4%)
2024-10-23T21:47:48.616-0500    [#############...........] AmazonProductReviews.Reviews 1.01GB/1.87GB (54.2%)
2024-10-23T21:47:51.617-0500    [#############...........] AmazonProductReviews.Reviews 1.03GB/1.87GB (55.3%)
2024-10-23T21:47:54.617-0500    [#############...........] AmazonProductReviews.Reviews 1.05GB/1.87GB (56.3%)
2024-10-23T21:47:57.617-0500    [#############...........] AmazonProductReviews.Reviews 1.06GB/1.87GB (56.8%)
2024-10-23T21:48:00.617-0500    [#############...........] AmazonProductReviews.Reviews 1.08GB/1.87GB (57.5%)
2024-10-23T21:48:03.617-0500    [##############..........] AmazonProductReviews.Reviews 1.10GB/1.87GB (58.6%)
2024-10-23T21:48:06.617-0500    [##############..........] AmazonProductReviews.Reviews 1.12GB/1.87GB (59.7%)
2024-10-23T21:48:09.617-0500    [##############..........] AmazonProductReviews.Reviews 1.14GB/1.87GB (60.9%)
2024-10-23T21:48:12.617-0500    [##############..........] AmazonProductReviews.Reviews 1.16GB/1.87GB (62.0%)
2024-10-23T21:48:15.617-0500    [###############.........] AmazonProductReviews.Reviews 1.18GB/1.87GB (63.1%)
2024-10-23T21:48:18.617-0500    [###############.........] AmazonProductReviews.Reviews 1.20GB/1.87GB (64.2%)
2024-10-23T21:48:21.617-0500    [###############.........] AmazonProductReviews.Reviews 1.22GB/1.87GB (65.4%)
2024-10-23T21:48:24.616-0500    [###############.........] AmazonProductReviews.Reviews 1.24GB/1.87GB (66.5%)
2024-10-23T21:48:27.617-0500    [################........] AmazonProductReviews.Reviews 1.27GB/1.87GB (67.6%)
2024-10-23T21:48:30.617-0500    [################........] AmazonProductReviews.Reviews 1.29GB/1.87GB (68.7%)
2024-10-23T21:48:33.617-0500    [################........] AmazonProductReviews.Reviews 1.31GB/1.87GB (69.8%)
2024-10-23T21:48:36.617-0500    [#################.......] AmazonProductReviews.Reviews 1.33GB/1.87GB (71.0%)
2024-10-23T21:48:39.617-0500    [#################.......] AmazonProductReviews.Reviews 1.35GB/1.87GB (72.1%)
2024-10-23T21:48:42.617-0500    [#################.......] AmazonProductReviews.Reviews 1.37GB/1.87GB (73.2%)
2024-10-23T21:48:45.617-0500    [#################.......] AmazonProductReviews.Reviews 1.39GB/1.87GB (74.4%)
2024-10-23T21:48:48.616-0500    [##################......] AmazonProductReviews.Reviews 1.41GB/1.87GB (75.6%)
2024-10-23T21:48:51.617-0500    [##################......] AmazonProductReviews.Reviews 1.44GB/1.87GB (76.8%)
2024-10-23T21:48:54.617-0500    [##################......] AmazonProductReviews.Reviews 1.46GB/1.87GB (77.9%)
2024-10-23T21:48:57.617-0500    [##################......] AmazonProductReviews.Reviews 1.48GB/1.87GB (79.1%)
2024-10-23T21:49:00.617-0500    [###################.....] AmazonProductReviews.Reviews 1.51GB/1.87GB (80.8%)
2024-10-23T21:49:03.616-0500    [###################.....] AmazonProductReviews.Reviews 1.56GB/1.87GB (83.2%)
2024-10-23T21:49:06.617-0500    [####################....] AmazonProductReviews.Reviews 1.60GB/1.87GB (85.6%)
2024-10-23T21:49:09.617-0500    [#####################...] AmazonProductReviews.Reviews 1.65GB/1.87GB (88.1%)
2024-10-23T21:49:12.616-0500    [#####################...] AmazonProductReviews.Reviews 1.69GB/1.87GB (90.5%)
2024-10-23T21:49:15.617-0500    [######################..] AmazonProductReviews.Reviews 1.74GB/1.87GB (92.9%)
2024-10-23T21:49:18.617-0500    [######################..] AmazonProductReviews.Reviews 1.78GB/1.87GB (95.3%)
2024-10-23T21:49:21.617-0500    [#######################.] AmazonProductReviews.Reviews 1.83GB/1.87GB (97.6%)
2024-10-23T21:49:24.617-0500    [#######################.] AmazonProductReviews.Reviews 1.87GB/1.87GB (99.9%)
2024-10-23T21:49:24.749-0500    [########################] AmazonProductReviews.Reviews 1.87GB/1.87GB (100.0%)
2024-10-23T21:49:24.749-0500    3185845 document(s) imported successfully. 0 document(s) failed to import.